action: py36, msg: envreport
cwd: /home/kerwbstomp/Documents/networkautomationscripts/venv/netbox-interface-importer/ntc-templates
cmd: /home/kerwbstomp/Documents/networkautomationscripts/venv/netbox-interface-importer/ntc-templates/.tox/py36/bin/python -m pip freeze
appdirs==1.4.4
attrs==19.3.0
black==19.10b0
click==7.1.2
future==0.18.2
importlib-metadata==1.6.0
more-itertools==8.2.0
ntc-templates @ file:///home/kerwbstomp/Documents/networkautomationscripts/venv/netbox-interface-importer/ntc-templates
packaging==20.3
pathspec==0.8.0
pluggy==0.13.1
py==1.8.1
pyparsing==2.4.7
pytest==5.4.2
PyYAML==5.3.1
regex==2020.5.7
ruamel.yaml==0.16.10
ruamel.yaml.clib==0.2.0
six==1.14.0
textfsm==1.1.0
toml==0.10.0
typed-ast==1.4.1
wcwidth==0.1.9
yamllint==1.23.0
zipp==3.1.0
